{"D:\\Work Related\\Projects\\clariti-takehome\\src\\classes\\Category\\Category.js": {"path":"D:\\Work Related\\Projects\\clariti-takehome\\src\\classes\\Category\\Category.js","statementMap":{"0":{"start":{"line":2,"column":0},"end":{"line":2,"column":62}},"1":{"start":{"line":3,"column":0},"end":{"line":3,"column":26}},"2":{"start":{"line":4,"column":22},"end":{"line":4,"column":59}},"3":{"start":{"line":7,"column":8},"end":{"line":7,"column":30}},"4":{"start":{"line":8,"column":8},"end":{"line":8,"column":48}},"5":{"start":{"line":9,"column":8},"end":{"line":9,"column":44}},"6":{"start":{"line":10,"column":8},"end":{"line":10,"column":34}},"7":{"start":{"line":11,"column":8},"end":{"line":11,"column":32}},"8":{"start":{"line":12,"column":8},"end":{"line":12,"column":23}},"9":{"start":{"line":13,"column":8},"end":{"line":13,"column":30}},"10":{"start":{"line":17,"column":28},"end":{"line":17,"column":51}},"11":{"start":{"line":18,"column":8},"end":{"line":27,"column":9}},"12":{"start":{"line":19,"column":12},"end":{"line":19,"column":34}},"13":{"start":{"line":21,"column":13},"end":{"line":27,"column":9}},"14":{"start":{"line":22,"column":12},"end":{"line":22,"column":41}},"15":{"start":{"line":23,"column":12},"end":{"line":23,"column":36}},"16":{"start":{"line":26,"column":12},"end":{"line":26,"column":70}},"17":{"start":{"line":31,"column":8},"end":{"line":31,"column":64}},"18":{"start":{"line":34,"column":8},"end":{"line":34,"column":87}},"19":{"start":{"line":38,"column":8},"end":{"line":38,"column":26}},"20":{"start":{"line":41,"column":8},"end":{"line":41,"column":33}},"21":{"start":{"line":44,"column":8},"end":{"line":44,"column":35}},"22":{"start":{"line":47,"column":8},"end":{"line":47,"column":42}},"23":{"start":{"line":50,"column":8},"end":{"line":50,"column":29}},"24":{"start":{"line":53,"column":8},"end":{"line":53,"column":25}},"25":{"start":{"line":56,"column":8},"end":{"line":56,"column":37}},"26":{"start":{"line":59,"column":8},"end":{"line":59,"column":31}},"27":{"start":{"line":62,"column":0},"end":{"line":62,"column":28}}},"fnMap":{"0":{"name":"(anonymous_0)","decl":{"start":{"line":6,"column":4},"end":{"line":6,"column":5}},"loc":{"start":{"line":6,"column":25},"end":{"line":14,"column":5}},"line":6},"1":{"name":"(anonymous_1)","decl":{"start":{"line":16,"column":4},"end":{"line":16,"column":5}},"loc":{"start":{"line":16,"column":21},"end":{"line":28,"column":5}},"line":16},"2":{"name":"(anonymous_2)","decl":{"start":{"line":30,"column":4},"end":{"line":30,"column":5}},"loc":{"start":{"line":30,"column":21},"end":{"line":32,"column":5}},"line":30},"3":{"name":"(anonymous_3)","decl":{"start":{"line":33,"column":4},"end":{"line":33,"column":5}},"loc":{"start":{"line":33,"column":28},"end":{"line":35,"column":5}},"line":33},"4":{"name":"(anonymous_4)","decl":{"start":{"line":37,"column":4},"end":{"line":37,"column":5}},"loc":{"start":{"line":37,"column":15},"end":{"line":39,"column":5}},"line":37},"5":{"name":"(anonymous_5)","decl":{"start":{"line":40,"column":4},"end":{"line":40,"column":5}},"loc":{"start":{"line":40,"column":26},"end":{"line":42,"column":5}},"line":40},"6":{"name":"(anonymous_6)","decl":{"start":{"line":43,"column":4},"end":{"line":43,"column":5}},"loc":{"start":{"line":43,"column":24},"end":{"line":45,"column":5}},"line":43},"7":{"name":"(anonymous_7)","decl":{"start":{"line":46,"column":4},"end":{"line":46,"column":5}},"loc":{"start":{"line":46,"column":35},"end":{"line":48,"column":5}},"line":46},"8":{"name":"(anonymous_8)","decl":{"start":{"line":49,"column":4},"end":{"line":49,"column":5}},"loc":{"start":{"line":49,"column":18},"end":{"line":51,"column":5}},"line":49},"9":{"name":"(anonymous_9)","decl":{"start":{"line":52,"column":4},"end":{"line":52,"column":5}},"loc":{"start":{"line":52,"column":14},"end":{"line":54,"column":5}},"line":52},"10":{"name":"(anonymous_10)","decl":{"start":{"line":55,"column":4},"end":{"line":55,"column":5}},"loc":{"start":{"line":55,"column":21},"end":{"line":57,"column":5}},"line":55},"11":{"name":"(anonymous_11)","decl":{"start":{"line":58,"column":4},"end":{"line":58,"column":5}},"loc":{"start":{"line":58,"column":20},"end":{"line":60,"column":5}},"line":58}},"branchMap":{"0":{"loc":{"start":{"line":18,"column":8},"end":{"line":27,"column":9}},"type":"if","locations":[{"start":{"line":18,"column":8},"end":{"line":27,"column":9}},{"start":{"line":21,"column":13},"end":{"line":27,"column":9}}],"line":18},"1":{"loc":{"start":{"line":21,"column":13},"end":{"line":27,"column":9}},"type":"if","locations":[{"start":{"line":21,"column":13},"end":{"line":27,"column":9}},{"start":{"line":25,"column":13},"end":{"line":27,"column":9}}],"line":21}},"s":{"0":6,"1":6,"2":6,"3":36,"4":36,"5":36,"6":36,"7":36,"8":36,"9":36,"10":43,"11":43,"12":6,"13":37,"14":37,"15":37,"16":0,"17":6,"18":37,"19":2,"20":60,"21":2,"22":60,"23":1,"24":74,"25":1,"26":1,"27":6},"f":{"0":36,"1":43,"2":6,"3":37,"4":2,"5":60,"6":2,"7":60,"8":1,"9":74,"10":1,"11":1},"b":{"0":[6,37],"1":[37,0]},"inputSourceMap":null,"_coverageSchema":"1a1c01bbd47fc00a2c39e90264f33305004495a9","hash":"e73a31917cc9d8fb14bb44e749a10ac44b232058"}
,"D:\\Work Related\\Projects\\clariti-takehome\\src\\classes\\Department\\Department.js": {"path":"D:\\Work Related\\Projects\\clariti-takehome\\src\\classes\\Department\\Department.js","statementMap":{"0":{"start":{"line":2,"column":0},"end":{"line":2,"column":62}},"1":{"start":{"line":3,"column":0},"end":{"line":3,"column":28}},"2":{"start":{"line":4,"column":20},"end":{"line":4,"column":56}},"3":{"start":{"line":5,"column":19},"end":{"line":5,"column":50}},"4":{"start":{"line":8,"column":8},"end":{"line":8,"column":30}},"5":{"start":{"line":9,"column":8},"end":{"line":9,"column":48}},"6":{"start":{"line":10,"column":8},"end":{"line":10,"column":39}},"7":{"start":{"line":11,"column":8},"end":{"line":11,"column":32}},"8":{"start":{"line":12,"column":8},"end":{"line":12,"column":31}},"9":{"start":{"line":13,"column":8},"end":{"line":13,"column":23}},"10":{"start":{"line":14,"column":8},"end":{"line":14,"column":30}},"11":{"start":{"line":18,"column":27},"end":{"line":18,"column":48}},"12":{"start":{"line":19,"column":25},"end":{"line":19,"column":44}},"13":{"start":{"line":20,"column":8},"end":{"line":32,"column":9}},"14":{"start":{"line":21,"column":12},"end":{"line":21,"column":45}},"15":{"start":{"line":23,"column":13},"end":{"line":32,"column":9}},"16":{"start":{"line":24,"column":12},"end":{"line":24,"column":34}},"17":{"start":{"line":26,"column":13},"end":{"line":32,"column":9}},"18":{"start":{"line":27,"column":12},"end":{"line":27,"column":38}},"19":{"start":{"line":28,"column":12},"end":{"line":28,"column":33}},"20":{"start":{"line":31,"column":12},"end":{"line":31,"column":70}},"21":{"start":{"line":36,"column":8},"end":{"line":36,"column":60}},"22":{"start":{"line":39,"column":8},"end":{"line":39,"column":77}},"23":{"start":{"line":42,"column":8},"end":{"line":42,"column":171}},"24":{"start":{"line":46,"column":8},"end":{"line":46,"column":26}},"25":{"start":{"line":49,"column":8},"end":{"line":49,"column":33}},"26":{"start":{"line":52,"column":8},"end":{"line":52,"column":35}},"27":{"start":{"line":55,"column":8},"end":{"line":55,"column":42}},"28":{"start":{"line":58,"column":8},"end":{"line":58,"column":31}},"29":{"start":{"line":61,"column":8},"end":{"line":61,"column":25}},"30":{"start":{"line":64,"column":8},"end":{"line":64,"column":34}},"31":{"start":{"line":67,"column":0},"end":{"line":67,"column":32}}},"fnMap":{"0":{"name":"(anonymous_0)","decl":{"start":{"line":7,"column":4},"end":{"line":7,"column":5}},"loc":{"start":{"line":7,"column":38},"end":{"line":15,"column":5}},"line":7},"1":{"name":"(anonymous_1)","decl":{"start":{"line":17,"column":4},"end":{"line":17,"column":5}},"loc":{"start":{"line":17,"column":21},"end":{"line":33,"column":5}},"line":17},"2":{"name":"(anonymous_2)","decl":{"start":{"line":35,"column":4},"end":{"line":35,"column":5}},"loc":{"start":{"line":35,"column":21},"end":{"line":37,"column":5}},"line":35},"3":{"name":"(anonymous_3)","decl":{"start":{"line":38,"column":4},"end":{"line":38,"column":5}},"loc":{"start":{"line":38,"column":25},"end":{"line":40,"column":5}},"line":38},"4":{"name":"(anonymous_4)","decl":{"start":{"line":41,"column":4},"end":{"line":41,"column":5}},"loc":{"start":{"line":41,"column":32},"end":{"line":43,"column":5}},"line":41},"5":{"name":"(anonymous_5)","decl":{"start":{"line":45,"column":4},"end":{"line":45,"column":5}},"loc":{"start":{"line":45,"column":15},"end":{"line":47,"column":5}},"line":45},"6":{"name":"(anonymous_6)","decl":{"start":{"line":48,"column":4},"end":{"line":48,"column":5}},"loc":{"start":{"line":48,"column":26},"end":{"line":50,"column":5}},"line":48},"7":{"name":"(anonymous_7)","decl":{"start":{"line":51,"column":4},"end":{"line":51,"column":5}},"loc":{"start":{"line":51,"column":24},"end":{"line":53,"column":5}},"line":51},"8":{"name":"(anonymous_8)","decl":{"start":{"line":54,"column":4},"end":{"line":54,"column":5}},"loc":{"start":{"line":54,"column":35},"end":{"line":56,"column":5}},"line":54},"9":{"name":"(anonymous_9)","decl":{"start":{"line":57,"column":4},"end":{"line":57,"column":5}},"loc":{"start":{"line":57,"column":20},"end":{"line":59,"column":5}},"line":57},"10":{"name":"(anonymous_10)","decl":{"start":{"line":60,"column":4},"end":{"line":60,"column":5}},"loc":{"start":{"line":60,"column":14},"end":{"line":62,"column":5}},"line":60},"11":{"name":"(anonymous_11)","decl":{"start":{"line":63,"column":4},"end":{"line":63,"column":5}},"loc":{"start":{"line":63,"column":21},"end":{"line":65,"column":5}},"line":63}},"branchMap":{"0":{"loc":{"start":{"line":20,"column":8},"end":{"line":32,"column":9}},"type":"if","locations":[{"start":{"line":20,"column":8},"end":{"line":32,"column":9}},{"start":{"line":23,"column":13},"end":{"line":32,"column":9}}],"line":20},"1":{"loc":{"start":{"line":23,"column":13},"end":{"line":32,"column":9}},"type":"if","locations":[{"start":{"line":23,"column":13},"end":{"line":32,"column":9}},{"start":{"line":26,"column":13},"end":{"line":32,"column":9}}],"line":23},"2":{"loc":{"start":{"line":26,"column":13},"end":{"line":32,"column":9}},"type":"if","locations":[{"start":{"line":26,"column":13},"end":{"line":32,"column":9}},{"start":{"line":30,"column":13},"end":{"line":32,"column":9}}],"line":26}},"s":{"0":6,"1":6,"2":6,"3":6,"4":30,"5":30,"6":30,"7":30,"8":30,"9":30,"10":30,"11":44,"12":44,"13":44,"14":1,"15":43,"16":7,"17":36,"18":36,"19":36,"20":0,"21":7,"22":36,"23":1,"24":2,"25":50,"26":2,"27":50,"28":1,"29":71,"30":2,"31":6},"f":{"0":30,"1":44,"2":7,"3":36,"4":1,"5":2,"6":50,"7":2,"8":50,"9":1,"10":71,"11":2},"b":{"0":[1,43],"1":[7,36],"2":[36,0]},"inputSourceMap":null,"_coverageSchema":"1a1c01bbd47fc00a2c39e90264f33305004495a9","hash":"3e8e300b6f5ee01e2bd6bffb3d0067e5155d54de"}
,"D:\\Work Related\\Projects\\clariti-takehome\\src\\classes\\Manager\\Manager.js": {"path":"D:\\Work Related\\Projects\\clariti-takehome\\src\\classes\\Manager\\Manager.js","statementMap":{"0":{"start":{"line":2,"column":0},"end":{"line":2,"column":62}},"1":{"start":{"line":3,"column":0},"end":{"line":3,"column":25}},"2":{"start":{"line":4,"column":20},"end":{"line":4,"column":56}},"3":{"start":{"line":5,"column":21},"end":{"line":5,"column":56}},"4":{"start":{"line":6,"column":15},"end":{"line":6,"column":38}},"5":{"start":{"line":9,"column":8},"end":{"line":9,"column":30}},"6":{"start":{"line":10,"column":8},"end":{"line":10,"column":32}},"7":{"start":{"line":11,"column":8},"end":{"line":11,"column":32}},"8":{"start":{"line":12,"column":8},"end":{"line":12,"column":30}},"9":{"start":{"line":13,"column":8},"end":{"line":13,"column":23}},"10":{"start":{"line":17,"column":27},"end":{"line":17,"column":48}},"11":{"start":{"line":18,"column":8},"end":{"line":29,"column":9}},"12":{"start":{"line":19,"column":12},"end":{"line":19,"column":45}},"13":{"start":{"line":21,"column":13},"end":{"line":29,"column":9}},"14":{"start":{"line":22,"column":12},"end":{"line":22,"column":34}},"15":{"start":{"line":24,"column":13},"end":{"line":29,"column":9}},"16":{"start":{"line":25,"column":12},"end":{"line":25,"column":40}},"17":{"start":{"line":28,"column":12},"end":{"line":28,"column":70}},"18":{"start":{"line":37,"column":8},"end":{"line":42,"column":9}},"19":{"start":{"line":38,"column":12},"end":{"line":41,"column":14}},"20":{"start":{"line":43,"column":33},"end":{"line":43,"column":51}},"21":{"start":{"line":44,"column":29},"end":{"line":44,"column":30}},"22":{"start":{"line":45,"column":20},"end":{"line":45,"column":21}},"23":{"start":{"line":46,"column":8},"end":{"line":50,"column":11}},"24":{"start":{"line":47,"column":24},"end":{"line":47,"column":71}},"25":{"start":{"line":48,"column":12},"end":{"line":48,"column":49}},"26":{"start":{"line":49,"column":12},"end":{"line":49,"column":31}},"27":{"start":{"line":51,"column":8},"end":{"line":51,"column":51}},"28":{"start":{"line":52,"column":8},"end":{"line":52,"column":33}},"29":{"start":{"line":53,"column":8},"end":{"line":53,"column":41}},"30":{"start":{"line":57,"column":8},"end":{"line":57,"column":62}},"31":{"start":{"line":60,"column":8},"end":{"line":60,"column":101}},"32":{"start":{"line":61,"column":8},"end":{"line":61,"column":30}},"33":{"start":{"line":64,"column":8},"end":{"line":64,"column":206}},"34":{"start":{"line":68,"column":8},"end":{"line":68,"column":26}},"35":{"start":{"line":71,"column":8},"end":{"line":71,"column":33}},"36":{"start":{"line":74,"column":8},"end":{"line":74,"column":42}},"37":{"start":{"line":77,"column":8},"end":{"line":77,"column":35}},"38":{"start":{"line":80,"column":8},"end":{"line":80,"column":25}},"39":{"start":{"line":83,"column":8},"end":{"line":83,"column":35}},"40":{"start":{"line":86,"column":8},"end":{"line":86,"column":32}},"41":{"start":{"line":89,"column":0},"end":{"line":89,"column":26}}},"fnMap":{"0":{"name":"(anonymous_0)","decl":{"start":{"line":8,"column":4},"end":{"line":8,"column":5}},"loc":{"start":{"line":8,"column":18},"end":{"line":14,"column":5}},"line":8},"1":{"name":"(anonymous_1)","decl":{"start":{"line":16,"column":4},"end":{"line":16,"column":5}},"loc":{"start":{"line":16,"column":21},"end":{"line":30,"column":5}},"line":16},"2":{"name":"(anonymous_2)","decl":{"start":{"line":35,"column":4},"end":{"line":35,"column":5}},"loc":{"start":{"line":35,"column":30},"end":{"line":54,"column":5}},"line":35},"3":{"name":"(anonymous_3)","decl":{"start":{"line":46,"column":33},"end":{"line":46,"column":34}},"loc":{"start":{"line":46,"column":49},"end":{"line":50,"column":9}},"line":46},"4":{"name":"(anonymous_4)","decl":{"start":{"line":56,"column":4},"end":{"line":56,"column":5}},"loc":{"start":{"line":56,"column":21},"end":{"line":58,"column":5}},"line":56},"5":{"name":"(anonymous_5)","decl":{"start":{"line":59,"column":4},"end":{"line":59,"column":5}},"loc":{"start":{"line":59,"column":27},"end":{"line":62,"column":5}},"line":59},"6":{"name":"(anonymous_6)","decl":{"start":{"line":63,"column":4},"end":{"line":63,"column":5}},"loc":{"start":{"line":63,"column":32},"end":{"line":65,"column":5}},"line":63},"7":{"name":"(anonymous_7)","decl":{"start":{"line":67,"column":4},"end":{"line":67,"column":5}},"loc":{"start":{"line":67,"column":15},"end":{"line":69,"column":5}},"line":67},"8":{"name":"(anonymous_8)","decl":{"start":{"line":70,"column":4},"end":{"line":70,"column":5}},"loc":{"start":{"line":70,"column":26},"end":{"line":72,"column":5}},"line":70},"9":{"name":"(anonymous_9)","decl":{"start":{"line":73,"column":4},"end":{"line":73,"column":5}},"loc":{"start":{"line":73,"column":35},"end":{"line":75,"column":5}},"line":73},"10":{"name":"(anonymous_10)","decl":{"start":{"line":76,"column":4},"end":{"line":76,"column":5}},"loc":{"start":{"line":76,"column":24},"end":{"line":78,"column":5}},"line":76},"11":{"name":"(anonymous_11)","decl":{"start":{"line":79,"column":4},"end":{"line":79,"column":5}},"loc":{"start":{"line":79,"column":14},"end":{"line":81,"column":5}},"line":79},"12":{"name":"(anonymous_12)","decl":{"start":{"line":82,"column":4},"end":{"line":82,"column":5}},"loc":{"start":{"line":82,"column":21},"end":{"line":84,"column":5}},"line":82},"13":{"name":"(anonymous_13)","decl":{"start":{"line":85,"column":4},"end":{"line":85,"column":5}},"loc":{"start":{"line":85,"column":21},"end":{"line":87,"column":5}},"line":85}},"branchMap":{"0":{"loc":{"start":{"line":18,"column":8},"end":{"line":29,"column":9}},"type":"if","locations":[{"start":{"line":18,"column":8},"end":{"line":29,"column":9}},{"start":{"line":21,"column":13},"end":{"line":29,"column":9}}],"line":18},"1":{"loc":{"start":{"line":21,"column":13},"end":{"line":29,"column":9}},"type":"if","locations":[{"start":{"line":21,"column":13},"end":{"line":29,"column":9}},{"start":{"line":24,"column":13},"end":{"line":29,"column":9}}],"line":21},"2":{"loc":{"start":{"line":24,"column":13},"end":{"line":29,"column":9}},"type":"if","locations":[{"start":{"line":24,"column":13},"end":{"line":29,"column":9}},{"start":{"line":27,"column":13},"end":{"line":29,"column":9}}],"line":24},"3":{"loc":{"start":{"line":37,"column":8},"end":{"line":42,"column":9}},"type":"if","locations":[{"start":{"line":37,"column":8},"end":{"line":42,"column":9}},{"start":{},"end":{}}],"line":37}},"s":{"0":6,"1":6,"2":6,"3":6,"4":6,"5":32,"6":32,"7":32,"8":32,"9":32,"10":45,"11":45,"12":1,"13":44,"14":14,"15":30,"16":30,"17":0,"18":278,"19":61,"20":217,"21":217,"22":217,"23":217,"24":229,"25":229,"26":229,"27":217,"28":217,"29":217,"30":14,"31":30,"32":30,"33":1,"34":11,"35":50,"36":50,"37":11,"38":79,"39":4,"40":2,"41":6},"f":{"0":32,"1":45,"2":278,"3":229,"4":14,"5":30,"6":1,"7":11,"8":50,"9":50,"10":11,"11":79,"12":4,"13":2},"b":{"0":[1,44],"1":[14,30],"2":[30,0],"3":[61,217]},"inputSourceMap":null,"_coverageSchema":"1a1c01bbd47fc00a2c39e90264f33305004495a9","hash":"1a52b24ce1eace3fc3d113726dca7108ddbe8d03"}
,"D:\\Work Related\\Projects\\clariti-takehome\\src\\classes\\Output\\Output.js": {"path":"D:\\Work Related\\Projects\\clariti-takehome\\src\\classes\\Output\\Output.js","statementMap":{"0":{"start":{"line":2,"column":0},"end":{"line":2,"column":62}},"1":{"start":{"line":3,"column":0},"end":{"line":3,"column":24}},"2":{"start":{"line":4,"column":20},"end":{"line":4,"column":56}},"3":{"start":{"line":5,"column":15},"end":{"line":5,"column":38}},"4":{"start":{"line":6,"column":18},"end":{"line":6,"column":47}},"5":{"start":{"line":7,"column":19},"end":{"line":7,"column":50}},"6":{"start":{"line":8,"column":22},"end":{"line":8,"column":59}},"7":{"start":{"line":11,"column":8},"end":{"line":16,"column":10}},"8":{"start":{"line":12,"column":30},"end":{"line":12,"column":47}},"9":{"start":{"line":13,"column":26},"end":{"line":13,"column":46}},"10":{"start":{"line":14,"column":12},"end":{"line":14,"column":70}},"11":{"start":{"line":15,"column":12},"end":{"line":15,"column":35}},"12":{"start":{"line":17,"column":8},"end":{"line":17,"column":21}},"13":{"start":{"line":18,"column":8},"end":{"line":18,"column":23}},"14":{"start":{"line":19,"column":8},"end":{"line":19,"column":31}},"15":{"start":{"line":23,"column":8},"end":{"line":23,"column":31}},"16":{"start":{"line":24,"column":8},"end":{"line":24,"column":60}},"17":{"start":{"line":27,"column":26},"end":{"line":51,"column":1}},"18":{"start":{"line":52,"column":8},"end":{"line":52,"column":66}},"19":{"start":{"line":53,"column":8},"end":{"line":53,"column":31}},"20":{"start":{"line":56,"column":8},"end":{"line":77,"column":11}},"21":{"start":{"line":57,"column":24},"end":{"line":75,"column":13}},"22":{"start":{"line":58,"column":16},"end":{"line":74,"column":19}},"23":{"start":{"line":59,"column":41},"end":{"line":59,"column":114}},"24":{"start":{"line":60,"column":20},"end":{"line":73,"column":21}},"25":{"start":{"line":61,"column":24},"end":{"line":63,"column":25}},"26":{"start":{"line":62,"column":28},"end":{"line":62,"column":62}},"27":{"start":{"line":64,"column":24},"end":{"line":64,"column":51}},"28":{"start":{"line":65,"column":24},"end":{"line":65,"column":40}},"29":{"start":{"line":67,"column":25},"end":{"line":73,"column":21}},"30":{"start":{"line":68,"column":24},"end":{"line":68,"column":76}},"31":{"start":{"line":71,"column":24},"end":{"line":71,"column":81}},"32":{"start":{"line":72,"column":24},"end":{"line":72,"column":30}},"33":{"start":{"line":76,"column":12},"end":{"line":76,"column":18}},"34":{"start":{"line":80,"column":31},"end":{"line":80,"column":47}},"35":{"start":{"line":81,"column":8},"end":{"line":91,"column":9}},"36":{"start":{"line":83,"column":12},"end":{"line":83,"column":24}},"37":{"start":{"line":85,"column":13},"end":{"line":91,"column":9}},"38":{"start":{"line":90,"column":12},"end":{"line":90,"column":25}},"39":{"start":{"line":92,"column":8},"end":{"line":92,"column":20}},"40":{"start":{"line":95,"column":8},"end":{"line":95,"column":67}},"41":{"start":{"line":96,"column":8},"end":{"line":96,"column":115}},"42":{"start":{"line":97,"column":8},"end":{"line":97,"column":123}},"43":{"start":{"line":101,"column":18},"end":{"line":101,"column":20}},"44":{"start":{"line":102,"column":8},"end":{"line":116,"column":9}},"45":{"start":{"line":103,"column":12},"end":{"line":103,"column":49}},"46":{"start":{"line":106,"column":12},"end":{"line":106,"column":78}},"47":{"start":{"line":107,"column":12},"end":{"line":115,"column":13}},"48":{"start":{"line":108,"column":16},"end":{"line":108,"column":68}},"49":{"start":{"line":110,"column":17},"end":{"line":115,"column":13}},"50":{"start":{"line":111,"column":16},"end":{"line":111,"column":116}},"51":{"start":{"line":113,"column":17},"end":{"line":115,"column":13}},"52":{"start":{"line":114,"column":16},"end":{"line":114,"column":150}},"53":{"start":{"line":117,"column":8},"end":{"line":117,"column":25}},"54":{"start":{"line":121,"column":8},"end":{"line":136,"column":9}},"55":{"start":{"line":122,"column":12},"end":{"line":122,"column":160}},"56":{"start":{"line":123,"column":12},"end":{"line":125,"column":13}},"57":{"start":{"line":123,"column":25},"end":{"line":123,"column":26}},"58":{"start":{"line":124,"column":16},"end":{"line":124,"column":52}},"59":{"start":{"line":128,"column":12},"end":{"line":128,"column":73}},"60":{"start":{"line":129,"column":12},"end":{"line":131,"column":13}},"61":{"start":{"line":130,"column":16},"end":{"line":130,"column":26}},"62":{"start":{"line":132,"column":20},"end":{"line":132,"column":21}},"63":{"start":{"line":133,"column":12},"end":{"line":135,"column":15}},"64":{"start":{"line":134,"column":16},"end":{"line":134,"column":46}},"65":{"start":{"line":137,"column":8},"end":{"line":137,"column":29}},"66":{"start":{"line":140,"column":8},"end":{"line":140,"column":160}},"67":{"start":{"line":144,"column":8},"end":{"line":144,"column":26}},"68":{"start":{"line":147,"column":8},"end":{"line":147,"column":33}},"69":{"start":{"line":150,"column":0},"end":{"line":150,"column":24}}},"fnMap":{"0":{"name":"(anonymous_0)","decl":{"start":{"line":10,"column":4},"end":{"line":10,"column":5}},"loc":{"start":{"line":10,"column":20},"end":{"line":20,"column":5}},"line":10},"1":{"name":"(anonymous_1)","decl":{"start":{"line":11,"column":39},"end":{"line":11,"column":40}},"loc":{"start":{"line":11,"column":51},"end":{"line":16,"column":9}},"line":11},"2":{"name":"(anonymous_2)","decl":{"start":{"line":22,"column":4},"end":{"line":22,"column":5}},"loc":{"start":{"line":22,"column":21},"end":{"line":25,"column":5}},"line":22},"3":{"name":"(anonymous_3)","decl":{"start":{"line":26,"column":4},"end":{"line":26,"column":5}},"loc":{"start":{"line":26,"column":17},"end":{"line":54,"column":5}},"line":26},"4":{"name":"(anonymous_4)","decl":{"start":{"line":55,"column":4},"end":{"line":55,"column":5}},"loc":{"start":{"line":55,"column":58},"end":{"line":78,"column":5}},"line":55},"5":{"name":"(anonymous_5)","decl":{"start":{"line":56,"column":27},"end":{"line":56,"column":28}},"loc":{"start":{"line":56,"column":48},"end":{"line":77,"column":9}},"line":56},"6":{"name":"(anonymous_6)","decl":{"start":{"line":57,"column":24},"end":{"line":57,"column":25}},"loc":{"start":{"line":57,"column":30},"end":{"line":75,"column":13}},"line":57},"7":{"name":"(anonymous_7)","decl":{"start":{"line":58,"column":43},"end":{"line":58,"column":44}},"loc":{"start":{"line":58,"column":55},"end":{"line":74,"column":17}},"line":58},"8":{"name":"(anonymous_8)","decl":{"start":{"line":79,"column":4},"end":{"line":79,"column":5}},"loc":{"start":{"line":79,"column":51},"end":{"line":93,"column":5}},"line":79},"9":{"name":"(anonymous_9)","decl":{"start":{"line":94,"column":4},"end":{"line":94,"column":5}},"loc":{"start":{"line":94,"column":33},"end":{"line":98,"column":5}},"line":94},"10":{"name":"(anonymous_10)","decl":{"start":{"line":100,"column":4},"end":{"line":100,"column":5}},"loc":{"start":{"line":100,"column":40},"end":{"line":118,"column":5}},"line":100},"11":{"name":"(anonymous_11)","decl":{"start":{"line":119,"column":4},"end":{"line":119,"column":5}},"loc":{"start":{"line":119,"column":24},"end":{"line":138,"column":5}},"line":119},"12":{"name":"(anonymous_12)","decl":{"start":{"line":133,"column":35},"end":{"line":133,"column":36}},"loc":{"start":{"line":133,"column":51},"end":{"line":135,"column":13}},"line":133},"13":{"name":"(anonymous_13)","decl":{"start":{"line":139,"column":4},"end":{"line":139,"column":5}},"loc":{"start":{"line":139,"column":22},"end":{"line":141,"column":5}},"line":139},"14":{"name":"(anonymous_14)","decl":{"start":{"line":143,"column":4},"end":{"line":143,"column":5}},"loc":{"start":{"line":143,"column":15},"end":{"line":145,"column":5}},"line":143},"15":{"name":"(anonymous_15)","decl":{"start":{"line":146,"column":4},"end":{"line":146,"column":5}},"loc":{"start":{"line":146,"column":22},"end":{"line":148,"column":5}},"line":146}},"branchMap":{"0":{"loc":{"start":{"line":59,"column":79},"end":{"line":59,"column":113}},"type":"cond-expr","locations":[{"start":{"line":59,"column":94},"end":{"line":59,"column":106}},{"start":{"line":59,"column":109},"end":{"line":59,"column":113}}],"line":59},"1":{"loc":{"start":{"line":60,"column":20},"end":{"line":73,"column":21}},"type":"if","locations":[{"start":{"line":60,"column":20},"end":{"line":73,"column":21}},{"start":{"line":67,"column":25},"end":{"line":73,"column":21}}],"line":60},"2":{"loc":{"start":{"line":61,"column":24},"end":{"line":63,"column":25}},"type":"if","locations":[{"start":{"line":61,"column":24},"end":{"line":63,"column":25}},{"start":{},"end":{}}],"line":61},"3":{"loc":{"start":{"line":67,"column":25},"end":{"line":73,"column":21}},"type":"if","locations":[{"start":{"line":67,"column":25},"end":{"line":73,"column":21}},{"start":{"line":70,"column":25},"end":{"line":73,"column":21}}],"line":67},"4":{"loc":{"start":{"line":81,"column":8},"end":{"line":91,"column":9}},"type":"if","locations":[{"start":{"line":81,"column":8},"end":{"line":91,"column":9}},{"start":{"line":85,"column":13},"end":{"line":91,"column":9}}],"line":81},"5":{"loc":{"start":{"line":81,"column":12},"end":{"line":82,"column":60}},"type":"binary-expr","locations":[{"start":{"line":81,"column":12},"end":{"line":81,"column":43}},{"start":{"line":82,"column":13},"end":{"line":82,"column":42}},{"start":{"line":82,"column":46},"end":{"line":82,"column":59}}],"line":81},"6":{"loc":{"start":{"line":85,"column":13},"end":{"line":91,"column":9}},"type":"if","locations":[{"start":{"line":85,"column":13},"end":{"line":91,"column":9}},{"start":{},"end":{}}],"line":85},"7":{"loc":{"start":{"line":87,"column":8},"end":{"line":89,"column":39}},"type":"binary-expr","locations":[{"start":{"line":87,"column":8},"end":{"line":87,"column":29}},{"start":{"line":88,"column":12},"end":{"line":88,"column":30}},{"start":{"line":89,"column":12},"end":{"line":89,"column":39}}],"line":87},"8":{"loc":{"start":{"line":102,"column":8},"end":{"line":116,"column":9}},"type":"if","locations":[{"start":{"line":102,"column":8},"end":{"line":116,"column":9}},{"start":{"line":105,"column":13},"end":{"line":116,"column":9}}],"line":102},"9":{"loc":{"start":{"line":107,"column":12},"end":{"line":115,"column":13}},"type":"if","locations":[{"start":{"line":107,"column":12},"end":{"line":115,"column":13}},{"start":{"line":110,"column":17},"end":{"line":115,"column":13}}],"line":107},"10":{"loc":{"start":{"line":110,"column":17},"end":{"line":115,"column":13}},"type":"if","locations":[{"start":{"line":110,"column":17},"end":{"line":115,"column":13}},{"start":{"line":113,"column":17},"end":{"line":115,"column":13}}],"line":110},"11":{"loc":{"start":{"line":113,"column":17},"end":{"line":115,"column":13}},"type":"if","locations":[{"start":{"line":113,"column":17},"end":{"line":115,"column":13}},{"start":{},"end":{}}],"line":113},"12":{"loc":{"start":{"line":121,"column":8},"end":{"line":136,"column":9}},"type":"if","locations":[{"start":{"line":121,"column":8},"end":{"line":136,"column":9}},{"start":{"line":127,"column":13},"end":{"line":136,"column":9}}],"line":121},"13":{"loc":{"start":{"line":129,"column":12},"end":{"line":131,"column":13}},"type":"if","locations":[{"start":{"line":129,"column":12},"end":{"line":131,"column":13}},{"start":{},"end":{}}],"line":129}},"s":{"0":1,"1":1,"2":1,"3":1,"4":1,"5":1,"6":1,"7":6,"8":0,"9":0,"10":0,"11":0,"12":6,"13":6,"14":6,"15":1,"16":1,"17":1,"18":1,"19":1,"20":2,"21":2,"22":2,"23":2,"24":2,"25":1,"26":1,"27":1,"28":1,"29":1,"30":1,"31":0,"32":0,"33":2,"34":2,"35":2,"36":1,"37":1,"38":0,"39":1,"40":0,"41":0,"42":0,"43":0,"44":0,"45":0,"46":0,"47":0,"48":0,"49":0,"50":0,"51":0,"52":0,"53":0,"54":0,"55":0,"56":0,"57":0,"58":0,"59":0,"60":0,"61":0,"62":0,"63":0,"64":0,"65":0,"66":1,"67":0,"68":0,"69":1},"f":{"0":6,"1":0,"2":1,"3":1,"4":2,"5":2,"6":2,"7":2,"8":2,"9":0,"10":0,"11":0,"12":0,"13":1,"14":0,"15":0},"b":{"0":[0,2],"1":[1,1],"2":[1,0],"3":[1,0],"4":[1,1],"5":[2,1,0],"6":[0,1],"7":[1,1,1],"8":[0,0],"9":[0,0],"10":[0,0],"11":[0,0],"12":[0,0],"13":[0,0]},"inputSourceMap":null,"_coverageSchema":"1a1c01bbd47fc00a2c39e90264f33305004495a9","hash":"fb71e615e9ff909ace54f6a19d847be97268fe68"}
,"D:\\Work Related\\Projects\\clariti-takehome\\src\\classes\\SubCategory\\SubCategory.js": {"path":"D:\\Work Related\\Projects\\clariti-takehome\\src\\classes\\SubCategory\\SubCategory.js","statementMap":{"0":{"start":{"line":2,"column":0},"end":{"line":2,"column":62}},"1":{"start":{"line":3,"column":0},"end":{"line":3,"column":29}},"2":{"start":{"line":4,"column":15},"end":{"line":4,"column":38}},"3":{"start":{"line":7,"column":8},"end":{"line":7,"column":51}},"4":{"start":{"line":8,"column":8},"end":{"line":8,"column":48}},"5":{"start":{"line":9,"column":8},"end":{"line":9,"column":44}},"6":{"start":{"line":10,"column":8},"end":{"line":10,"column":30}},"7":{"start":{"line":11,"column":8},"end":{"line":11,"column":32}},"8":{"start":{"line":12,"column":8},"end":{"line":12,"column":26}},"9":{"start":{"line":13,"column":8},"end":{"line":13,"column":23}},"10":{"start":{"line":14,"column":8},"end":{"line":14,"column":30}},"11":{"start":{"line":18,"column":21},"end":{"line":18,"column":36}},"12":{"start":{"line":19,"column":8},"end":{"line":28,"column":9}},"13":{"start":{"line":20,"column":12},"end":{"line":20,"column":34}},"14":{"start":{"line":22,"column":13},"end":{"line":28,"column":9}},"15":{"start":{"line":23,"column":12},"end":{"line":23,"column":34}},"16":{"start":{"line":24,"column":12},"end":{"line":24,"column":28}},"17":{"start":{"line":27,"column":12},"end":{"line":27,"column":70}},"18":{"start":{"line":32,"column":8},"end":{"line":32,"column":55}},"19":{"start":{"line":35,"column":8},"end":{"line":35,"column":65}},"20":{"start":{"line":39,"column":8},"end":{"line":39,"column":26}},"21":{"start":{"line":42,"column":8},"end":{"line":42,"column":33}},"22":{"start":{"line":45,"column":8},"end":{"line":45,"column":35}},"23":{"start":{"line":48,"column":8},"end":{"line":48,"column":42}},"24":{"start":{"line":51,"column":8},"end":{"line":51,"column":32}},"25":{"start":{"line":54,"column":8},"end":{"line":54,"column":25}},"26":{"start":{"line":58,"column":8},"end":{"line":58,"column":29}},"27":{"start":{"line":62,"column":18},"end":{"line":62,"column":19}},"28":{"start":{"line":63,"column":8},"end":{"line":63,"column":85}},"29":{"start":{"line":63,"column":43},"end":{"line":63,"column":82}},"30":{"start":{"line":64,"column":8},"end":{"line":64,"column":19}},"31":{"start":{"line":67,"column":8},"end":{"line":67,"column":31}},"32":{"start":{"line":70,"column":8},"end":{"line":70,"column":29}},"33":{"start":{"line":73,"column":0},"end":{"line":73,"column":34}}},"fnMap":{"0":{"name":"(anonymous_0)","decl":{"start":{"line":6,"column":4},"end":{"line":6,"column":5}},"loc":{"start":{"line":6,"column":25},"end":{"line":15,"column":5}},"line":6},"1":{"name":"(anonymous_1)","decl":{"start":{"line":17,"column":4},"end":{"line":17,"column":5}},"loc":{"start":{"line":17,"column":21},"end":{"line":29,"column":5}},"line":17},"2":{"name":"(anonymous_2)","decl":{"start":{"line":31,"column":4},"end":{"line":31,"column":5}},"loc":{"start":{"line":31,"column":21},"end":{"line":33,"column":5}},"line":31},"3":{"name":"(anonymous_3)","decl":{"start":{"line":34,"column":4},"end":{"line":34,"column":5}},"loc":{"start":{"line":34,"column":21},"end":{"line":36,"column":5}},"line":34},"4":{"name":"(anonymous_4)","decl":{"start":{"line":38,"column":4},"end":{"line":38,"column":5}},"loc":{"start":{"line":38,"column":15},"end":{"line":40,"column":5}},"line":38},"5":{"name":"(anonymous_5)","decl":{"start":{"line":41,"column":4},"end":{"line":41,"column":5}},"loc":{"start":{"line":41,"column":26},"end":{"line":43,"column":5}},"line":41},"6":{"name":"(anonymous_6)","decl":{"start":{"line":44,"column":4},"end":{"line":44,"column":5}},"loc":{"start":{"line":44,"column":24},"end":{"line":46,"column":5}},"line":44},"7":{"name":"(anonymous_7)","decl":{"start":{"line":47,"column":4},"end":{"line":47,"column":5}},"loc":{"start":{"line":47,"column":35},"end":{"line":49,"column":5}},"line":47},"8":{"name":"(anonymous_8)","decl":{"start":{"line":50,"column":4},"end":{"line":50,"column":5}},"loc":{"start":{"line":50,"column":21},"end":{"line":52,"column":5}},"line":50},"9":{"name":"(anonymous_9)","decl":{"start":{"line":53,"column":4},"end":{"line":53,"column":5}},"loc":{"start":{"line":53,"column":14},"end":{"line":55,"column":5}},"line":53},"10":{"name":"(anonymous_10)","decl":{"start":{"line":57,"column":4},"end":{"line":57,"column":5}},"loc":{"start":{"line":57,"column":21},"end":{"line":59,"column":5}},"line":57},"11":{"name":"(anonymous_11)","decl":{"start":{"line":61,"column":4},"end":{"line":61,"column":5}},"loc":{"start":{"line":61,"column":17},"end":{"line":65,"column":5}},"line":61},"12":{"name":"(anonymous_12)","decl":{"start":{"line":63,"column":26},"end":{"line":63,"column":27}},"loc":{"start":{"line":63,"column":43},"end":{"line":63,"column":82}},"line":63},"13":{"name":"(anonymous_13)","decl":{"start":{"line":66,"column":4},"end":{"line":66,"column":5}},"loc":{"start":{"line":66,"column":20},"end":{"line":68,"column":5}},"line":66},"14":{"name":"(anonymous_14)","decl":{"start":{"line":69,"column":4},"end":{"line":69,"column":5}},"loc":{"start":{"line":69,"column":18},"end":{"line":71,"column":5}},"line":69}},"branchMap":{"0":{"loc":{"start":{"line":19,"column":8},"end":{"line":28,"column":9}},"type":"if","locations":[{"start":{"line":19,"column":8},"end":{"line":28,"column":9}},{"start":{"line":22,"column":13},"end":{"line":28,"column":9}}],"line":19},"1":{"loc":{"start":{"line":22,"column":13},"end":{"line":28,"column":9}},"type":"if","locations":[{"start":{"line":22,"column":13},"end":{"line":28,"column":9}},{"start":{"line":26,"column":13},"end":{"line":28,"column":9}}],"line":22}},"s":{"0":6,"1":6,"2":6,"3":37,"4":37,"5":37,"6":37,"7":37,"8":37,"9":37,"10":37,"11":43,"12":43,"13":5,"14":38,"15":38,"16":38,"17":0,"18":5,"19":38,"20":2,"21":61,"22":2,"23":61,"24":1,"25":69,"26":1,"27":0,"28":0,"29":0,"30":0,"31":1,"32":1,"33":6},"f":{"0":37,"1":43,"2":5,"3":38,"4":2,"5":61,"6":2,"7":61,"8":1,"9":69,"10":1,"11":0,"12":0,"13":1,"14":1},"b":{"0":[5,38],"1":[38,0]},"inputSourceMap":null,"_coverageSchema":"1a1c01bbd47fc00a2c39e90264f33305004495a9","hash":"05536aa00bf39650d7a58eb41344a5fa266c003a"}
,"D:\\Work Related\\Projects\\clariti-takehome\\src\\classes\\Type\\Type.js": {"path":"D:\\Work Related\\Projects\\clariti-takehome\\src\\classes\\Type\\Type.js","statementMap":{"0":{"start":{"line":2,"column":0},"end":{"line":2,"column":62}},"1":{"start":{"line":3,"column":0},"end":{"line":3,"column":22}},"2":{"start":{"line":4,"column":20},"end":{"line":4,"column":56}},"3":{"start":{"line":7,"column":8},"end":{"line":7,"column":51}},"4":{"start":{"line":8,"column":8},"end":{"line":8,"column":48}},"5":{"start":{"line":9,"column":8},"end":{"line":9,"column":44}},"6":{"start":{"line":10,"column":8},"end":{"line":10,"column":36}},"7":{"start":{"line":11,"column":8},"end":{"line":11,"column":32}},"8":{"start":{"line":12,"column":8},"end":{"line":12,"column":23}},"9":{"start":{"line":13,"column":8},"end":{"line":13,"column":23}},"10":{"start":{"line":14,"column":8},"end":{"line":14,"column":29}},"11":{"start":{"line":18,"column":26},"end":{"line":18,"column":47}},"12":{"start":{"line":19,"column":25},"end":{"line":19,"column":44}},"13":{"start":{"line":20,"column":8},"end":{"line":20,"column":32}},"14":{"start":{"line":21,"column":8},"end":{"line":21,"column":43}},"15":{"start":{"line":22,"column":8},"end":{"line":22,"column":95}},"16":{"start":{"line":27,"column":8},"end":{"line":27,"column":26}},"17":{"start":{"line":30,"column":8},"end":{"line":30,"column":35}},"18":{"start":{"line":34,"column":8},"end":{"line":34,"column":32}},"19":{"start":{"line":37,"column":8},"end":{"line":37,"column":31}},"20":{"start":{"line":40,"column":8},"end":{"line":40,"column":29}},"21":{"start":{"line":43,"column":8},"end":{"line":43,"column":32}},"22":{"start":{"line":46,"column":8},"end":{"line":46,"column":25}},"23":{"start":{"line":49,"column":0},"end":{"line":49,"column":20}}},"fnMap":{"0":{"name":"(anonymous_0)","decl":{"start":{"line":6,"column":4},"end":{"line":6,"column":5}},"loc":{"start":{"line":6,"column":25},"end":{"line":15,"column":5}},"line":6},"1":{"name":"(anonymous_1)","decl":{"start":{"line":17,"column":4},"end":{"line":17,"column":5}},"loc":{"start":{"line":17,"column":20},"end":{"line":23,"column":5}},"line":17},"2":{"name":"(anonymous_2)","decl":{"start":{"line":26,"column":4},"end":{"line":26,"column":5}},"loc":{"start":{"line":26,"column":15},"end":{"line":28,"column":5}},"line":26},"3":{"name":"(anonymous_3)","decl":{"start":{"line":29,"column":4},"end":{"line":29,"column":5}},"loc":{"start":{"line":29,"column":24},"end":{"line":31,"column":5}},"line":29},"4":{"name":"(anonymous_4)","decl":{"start":{"line":33,"column":4},"end":{"line":33,"column":5}},"loc":{"start":{"line":33,"column":18},"end":{"line":35,"column":5}},"line":33},"5":{"name":"(anonymous_5)","decl":{"start":{"line":36,"column":4},"end":{"line":36,"column":5}},"loc":{"start":{"line":36,"column":20},"end":{"line":38,"column":5}},"line":36},"6":{"name":"(anonymous_6)","decl":{"start":{"line":39,"column":4},"end":{"line":39,"column":5}},"loc":{"start":{"line":39,"column":18},"end":{"line":41,"column":5}},"line":39},"7":{"name":"(anonymous_7)","decl":{"start":{"line":42,"column":4},"end":{"line":42,"column":5}},"loc":{"start":{"line":42,"column":21},"end":{"line":44,"column":5}},"line":42},"8":{"name":"(anonymous_8)","decl":{"start":{"line":45,"column":4},"end":{"line":45,"column":5}},"loc":{"start":{"line":45,"column":14},"end":{"line":47,"column":5}},"line":45}},"branchMap":{},"s":{"0":6,"1":6,"2":6,"3":38,"4":38,"5":38,"6":38,"7":38,"8":38,"9":38,"10":38,"11":43,"12":43,"13":43,"14":43,"15":43,"16":62,"17":62,"18":2,"19":1,"20":1,"21":1,"22":1,"23":6},"f":{"0":38,"1":43,"2":62,"3":62,"4":2,"5":1,"6":1,"7":1,"8":1},"b":{},"inputSourceMap":null,"_coverageSchema":"1a1c01bbd47fc00a2c39e90264f33305004495a9","hash":"53f3cd4b3ec59d1a0f1aabbd4a15fec37ed0e0e9"}
,"D:\\Work Related\\Projects\\clariti-takehome\\src\\constants\\constants.js": {"path":"D:\\Work Related\\Projects\\clariti-takehome\\src\\constants\\constants.js","statementMap":{"0":{"start":{"line":2,"column":0},"end":{"line":2,"column":62}},"1":{"start":{"line":3,"column":0},"end":{"line":3,"column":360}},"2":{"start":{"line":4,"column":0},"end":{"line":4,"column":50}},"3":{"start":{"line":7,"column":0},"end":{"line":13,"column":60}},"4":{"start":{"line":8,"column":4},"end":{"line":8,"column":43}},"5":{"start":{"line":9,"column":4},"end":{"line":9,"column":35}},"6":{"start":{"line":10,"column":4},"end":{"line":10,"column":47}},"7":{"start":{"line":11,"column":4},"end":{"line":11,"column":45}},"8":{"start":{"line":12,"column":4},"end":{"line":12,"column":39}},"9":{"start":{"line":16,"column":0},"end":{"line":18,"column":78}},"10":{"start":{"line":17,"column":4},"end":{"line":17,"column":37}},"11":{"start":{"line":20,"column":0},"end":{"line":23,"column":66}},"12":{"start":{"line":21,"column":4},"end":{"line":21,"column":44}},"13":{"start":{"line":22,"column":4},"end":{"line":22,"column":61}},"14":{"start":{"line":25,"column":0},"end":{"line":28,"column":84}},"15":{"start":{"line":26,"column":4},"end":{"line":26,"column":45}},"16":{"start":{"line":27,"column":4},"end":{"line":27,"column":67}},"17":{"start":{"line":30,"column":0},"end":{"line":33,"column":81}},"18":{"start":{"line":31,"column":4},"end":{"line":31,"column":62}},"19":{"start":{"line":32,"column":4},"end":{"line":32,"column":76}},"20":{"start":{"line":35,"column":0},"end":{"line":39,"column":72}},"21":{"start":{"line":36,"column":4},"end":{"line":36,"column":41}},"22":{"start":{"line":37,"column":4},"end":{"line":37,"column":41}},"23":{"start":{"line":38,"column":4},"end":{"line":38,"column":41}},"24":{"start":{"line":42,"column":0},"end":{"line":46,"column":66}},"25":{"start":{"line":43,"column":4},"end":{"line":43,"column":36}},"26":{"start":{"line":44,"column":4},"end":{"line":44,"column":36}},"27":{"start":{"line":45,"column":4},"end":{"line":45,"column":36}},"28":{"start":{"line":49,"column":0},"end":{"line":53,"column":42}},"29":{"start":{"line":50,"column":4},"end":{"line":50,"column":30}},"30":{"start":{"line":51,"column":4},"end":{"line":51,"column":30}},"31":{"start":{"line":52,"column":4},"end":{"line":52,"column":30}},"32":{"start":{"line":55,"column":27},"end":{"line":61,"column":1}},"33":{"start":{"line":56,"column":47},"end":{"line":56,"column":90}},"34":{"start":{"line":57,"column":4},"end":{"line":59,"column":5}},"35":{"start":{"line":58,"column":8},"end":{"line":58,"column":47}},"36":{"start":{"line":60,"column":4},"end":{"line":60,"column":43}},"37":{"start":{"line":62,"column":0},"end":{"line":62,"column":48}},"38":{"start":{"line":63,"column":27},"end":{"line":82,"column":1}},"39":{"start":{"line":64,"column":4},"end":{"line":81,"column":5}},"40":{"start":{"line":65,"column":8},"end":{"line":65,"column":61}},"41":{"start":{"line":67,"column":9},"end":{"line":81,"column":5}},"42":{"start":{"line":68,"column":8},"end":{"line":68,"column":62}},"43":{"start":{"line":70,"column":9},"end":{"line":81,"column":5}},"44":{"start":{"line":71,"column":8},"end":{"line":71,"column":61}},"45":{"start":{"line":73,"column":9},"end":{"line":81,"column":5}},"46":{"start":{"line":74,"column":8},"end":{"line":74,"column":62}},"47":{"start":{"line":76,"column":9},"end":{"line":81,"column":5}},"48":{"start":{"line":77,"column":8},"end":{"line":77,"column":63}},"49":{"start":{"line":80,"column":8},"end":{"line":80,"column":59}},"50":{"start":{"line":83,"column":0},"end":{"line":83,"column":48}},"51":{"start":{"line":85,"column":28},"end":{"line":107,"column":1}},"52":{"start":{"line":86,"column":4},"end":{"line":105,"column":5}},"53":{"start":{"line":88,"column":8},"end":{"line":88,"column":21}},"54":{"start":{"line":90,"column":9},"end":{"line":105,"column":5}},"55":{"start":{"line":92,"column":8},"end":{"line":92,"column":21}},"56":{"start":{"line":94,"column":9},"end":{"line":105,"column":5}},"57":{"start":{"line":96,"column":8},"end":{"line":96,"column":21}},"58":{"start":{"line":98,"column":9},"end":{"line":105,"column":5}},"59":{"start":{"line":100,"column":8},"end":{"line":100,"column":21}},"60":{"start":{"line":102,"column":9},"end":{"line":105,"column":5}},"61":{"start":{"line":104,"column":8},"end":{"line":104,"column":21}},"62":{"start":{"line":106,"column":4},"end":{"line":106,"column":16}},"63":{"start":{"line":108,"column":0},"end":{"line":108,"column":50}},"64":{"start":{"line":112,"column":33},"end":{"line":119,"column":1}},"65":{"start":{"line":113,"column":14},"end":{"line":113,"column":18}},"66":{"start":{"line":114,"column":4},"end":{"line":116,"column":5}},"67":{"start":{"line":115,"column":8},"end":{"line":115,"column":36}},"68":{"start":{"line":117,"column":4},"end":{"line":117,"column":15}},"69":{"start":{"line":118,"column":4},"end":{"line":118,"column":15}},"70":{"start":{"line":120,"column":0},"end":{"line":120,"column":60}}},"fnMap":{"0":{"name":"(anonymous_0)","decl":{"start":{"line":7,"column":1},"end":{"line":7,"column":2}},"loc":{"start":{"line":7,"column":24},"end":{"line":13,"column":1}},"line":7},"1":{"name":"(anonymous_1)","decl":{"start":{"line":16,"column":1},"end":{"line":16,"column":2}},"loc":{"start":{"line":16,"column":30},"end":{"line":18,"column":1}},"line":16},"2":{"name":"(anonymous_2)","decl":{"start":{"line":20,"column":1},"end":{"line":20,"column":2}},"loc":{"start":{"line":20,"column":26},"end":{"line":23,"column":1}},"line":20},"3":{"name":"(anonymous_3)","decl":{"start":{"line":25,"column":1},"end":{"line":25,"column":2}},"loc":{"start":{"line":25,"column":32},"end":{"line":28,"column":1}},"line":25},"4":{"name":"(anonymous_4)","decl":{"start":{"line":30,"column":1},"end":{"line":30,"column":2}},"loc":{"start":{"line":30,"column":31},"end":{"line":33,"column":1}},"line":30},"5":{"name":"(anonymous_5)","decl":{"start":{"line":35,"column":1},"end":{"line":35,"column":2}},"loc":{"start":{"line":35,"column":28},"end":{"line":39,"column":1}},"line":35},"6":{"name":"(anonymous_6)","decl":{"start":{"line":42,"column":1},"end":{"line":42,"column":2}},"loc":{"start":{"line":42,"column":26},"end":{"line":46,"column":1}},"line":42},"7":{"name":"(anonymous_7)","decl":{"start":{"line":49,"column":1},"end":{"line":49,"column":2}},"loc":{"start":{"line":49,"column":18},"end":{"line":53,"column":1}},"line":49},"8":{"name":"(anonymous_8)","decl":{"start":{"line":55,"column":27},"end":{"line":55,"column":28}},"loc":{"start":{"line":55,"column":50},"end":{"line":61,"column":1}},"line":55},"9":{"name":"(anonymous_9)","decl":{"start":{"line":63,"column":27},"end":{"line":63,"column":28}},"loc":{"start":{"line":63,"column":43},"end":{"line":82,"column":1}},"line":63},"10":{"name":"(anonymous_10)","decl":{"start":{"line":85,"column":28},"end":{"line":85,"column":29}},"loc":{"start":{"line":85,"column":54},"end":{"line":107,"column":1}},"line":85},"11":{"name":"(anonymous_11)","decl":{"start":{"line":112,"column":33},"end":{"line":112,"column":34}},"loc":{"start":{"line":112,"column":46},"end":{"line":119,"column":1}},"line":112}},"branchMap":{"0":{"loc":{"start":{"line":13,"column":3},"end":{"line":13,"column":58}},"type":"binary-expr","locations":[{"start":{"line":13,"column":3},"end":{"line":13,"column":14}},{"start":{"line":13,"column":19},"end":{"line":13,"column":57}}],"line":13},"1":{"loc":{"start":{"line":18,"column":3},"end":{"line":18,"column":76}},"type":"binary-expr","locations":[{"start":{"line":18,"column":3},"end":{"line":18,"column":20}},{"start":{"line":18,"column":25},"end":{"line":18,"column":75}}],"line":18},"2":{"loc":{"start":{"line":23,"column":3},"end":{"line":23,"column":64}},"type":"binary-expr","locations":[{"start":{"line":23,"column":3},"end":{"line":23,"column":16}},{"start":{"line":23,"column":21},"end":{"line":23,"column":63}}],"line":23},"3":{"loc":{"start":{"line":28,"column":3},"end":{"line":28,"column":82}},"type":"binary-expr","locations":[{"start":{"line":28,"column":3},"end":{"line":28,"column":22}},{"start":{"line":28,"column":27},"end":{"line":28,"column":81}}],"line":28},"4":{"loc":{"start":{"line":33,"column":3},"end":{"line":33,"column":79}},"type":"binary-expr","locations":[{"start":{"line":33,"column":3},"end":{"line":33,"column":21}},{"start":{"line":33,"column":26},"end":{"line":33,"column":78}}],"line":33},"5":{"loc":{"start":{"line":39,"column":3},"end":{"line":39,"column":70}},"type":"binary-expr","locations":[{"start":{"line":39,"column":3},"end":{"line":39,"column":18}},{"start":{"line":39,"column":23},"end":{"line":39,"column":69}}],"line":39},"6":{"loc":{"start":{"line":46,"column":3},"end":{"line":46,"column":64}},"type":"binary-expr","locations":[{"start":{"line":46,"column":3},"end":{"line":46,"column":16}},{"start":{"line":46,"column":21},"end":{"line":46,"column":63}}],"line":46},"7":{"loc":{"start":{"line":53,"column":3},"end":{"line":53,"column":40}},"type":"binary-expr","locations":[{"start":{"line":53,"column":3},"end":{"line":53,"column":8}},{"start":{"line":53,"column":13},"end":{"line":53,"column":39}}],"line":53},"8":{"loc":{"start":{"line":57,"column":4},"end":{"line":59,"column":5}},"type":"if","locations":[{"start":{"line":57,"column":4},"end":{"line":59,"column":5}},{"start":{},"end":{}}],"line":57},"9":{"loc":{"start":{"line":64,"column":4},"end":{"line":81,"column":5}},"type":"if","locations":[{"start":{"line":64,"column":4},"end":{"line":81,"column":5}},{"start":{"line":67,"column":9},"end":{"line":81,"column":5}}],"line":64},"10":{"loc":{"start":{"line":67,"column":9},"end":{"line":81,"column":5}},"type":"if","locations":[{"start":{"line":67,"column":9},"end":{"line":81,"column":5}},{"start":{"line":70,"column":9},"end":{"line":81,"column":5}}],"line":67},"11":{"loc":{"start":{"line":70,"column":9},"end":{"line":81,"column":5}},"type":"if","locations":[{"start":{"line":70,"column":9},"end":{"line":81,"column":5}},{"start":{"line":73,"column":9},"end":{"line":81,"column":5}}],"line":70},"12":{"loc":{"start":{"line":73,"column":9},"end":{"line":81,"column":5}},"type":"if","locations":[{"start":{"line":73,"column":9},"end":{"line":81,"column":5}},{"start":{"line":76,"column":9},"end":{"line":81,"column":5}}],"line":73},"13":{"loc":{"start":{"line":76,"column":9},"end":{"line":81,"column":5}},"type":"if","locations":[{"start":{"line":76,"column":9},"end":{"line":81,"column":5}},{"start":{"line":79,"column":9},"end":{"line":81,"column":5}}],"line":76},"14":{"loc":{"start":{"line":86,"column":4},"end":{"line":105,"column":5}},"type":"if","locations":[{"start":{"line":86,"column":4},"end":{"line":105,"column":5}},{"start":{"line":90,"column":9},"end":{"line":105,"column":5}}],"line":86},"15":{"loc":{"start":{"line":86,"column":8},"end":{"line":87,"column":60}},"type":"binary-expr","locations":[{"start":{"line":86,"column":8},"end":{"line":86,"column":44}},{"start":{"line":87,"column":8},"end":{"line":87,"column":60}}],"line":86},"16":{"loc":{"start":{"line":90,"column":9},"end":{"line":105,"column":5}},"type":"if","locations":[{"start":{"line":90,"column":9},"end":{"line":105,"column":5}},{"start":{"line":94,"column":9},"end":{"line":105,"column":5}}],"line":90},"17":{"loc":{"start":{"line":90,"column":13},"end":{"line":91,"column":56}},"type":"binary-expr","locations":[{"start":{"line":90,"column":13},"end":{"line":90,"column":45}},{"start":{"line":91,"column":8},"end":{"line":91,"column":56}}],"line":90},"18":{"loc":{"start":{"line":94,"column":9},"end":{"line":105,"column":5}},"type":"if","locations":[{"start":{"line":94,"column":9},"end":{"line":105,"column":5}},{"start":{"line":98,"column":9},"end":{"line":105,"column":5}}],"line":94},"19":{"loc":{"start":{"line":94,"column":13},"end":{"line":95,"column":62}},"type":"binary-expr","locations":[{"start":{"line":94,"column":13},"end":{"line":94,"column":51}},{"start":{"line":95,"column":8},"end":{"line":95,"column":62}}],"line":94},"20":{"loc":{"start":{"line":98,"column":9},"end":{"line":105,"column":5}},"type":"if","locations":[{"start":{"line":98,"column":9},"end":{"line":105,"column":5}},{"start":{"line":102,"column":9},"end":{"line":105,"column":5}}],"line":98},"21":{"loc":{"start":{"line":98,"column":13},"end":{"line":99,"column":61}},"type":"binary-expr","locations":[{"start":{"line":98,"column":13},"end":{"line":98,"column":50}},{"start":{"line":99,"column":8},"end":{"line":99,"column":61}}],"line":98},"22":{"loc":{"start":{"line":102,"column":9},"end":{"line":105,"column":5}},"type":"if","locations":[{"start":{"line":102,"column":9},"end":{"line":105,"column":5}},{"start":{},"end":{}}],"line":102},"23":{"loc":{"start":{"line":102,"column":13},"end":{"line":103,"column":58}},"type":"binary-expr","locations":[{"start":{"line":102,"column":13},"end":{"line":102,"column":47}},{"start":{"line":103,"column":8},"end":{"line":103,"column":58}}],"line":102}},"s":{"0":6,"1":6,"2":6,"3":6,"4":6,"5":6,"6":6,"7":6,"8":6,"9":6,"10":6,"11":6,"12":6,"13":6,"14":6,"15":6,"16":6,"17":6,"18":6,"19":6,"20":6,"21":6,"22":6,"23":6,"24":6,"25":6,"26":6,"27":6,"28":6,"29":6,"30":6,"31":6,"32":6,"33":43,"34":43,"35":43,"36":0,"37":6,"38":6,"39":43,"40":4,"41":39,"42":3,"43":36,"44":36,"45":0,"46":0,"47":0,"48":0,"49":0,"50":6,"51":6,"52":44,"53":0,"54":44,"55":0,"56":44,"57":1,"58":43,"59":0,"60":43,"61":0,"62":43,"63":6,"64":6,"65":1,"66":1,"67":5,"68":1,"69":1,"70":6},"f":{"0":6,"1":6,"2":6,"3":6,"4":6,"5":6,"6":6,"7":6,"8":43,"9":43,"10":44,"11":1},"b":{"0":[6,6],"1":[6,6],"2":[6,6],"3":[6,6],"4":[6,6],"5":[6,6],"6":[6,6],"7":[6,6],"8":[43,0],"9":[4,39],"10":[3,36],"11":[36,0],"12":[0,0],"13":[0,0],"14":[0,44],"15":[44,4],"16":[0,44],"17":[44,3],"18":[1,43],"19":[44,37],"20":[0,43],"21":[43,0],"22":[0,43],"23":[43,0]},"inputSourceMap":null,"_coverageSchema":"1a1c01bbd47fc00a2c39e90264f33305004495a9","hash":"772068db4385985695acce8369f61a8473cc2513"}
}
