TN:
SF:src\classes\Category\Category.js
FN:6,(anonymous_0)
FN:16,(anonymous_1)
FN:30,(anonymous_2)
FN:33,(anonymous_3)
FN:37,(anonymous_4)
FN:40,(anonymous_5)
FN:43,(anonymous_6)
FN:46,(anonymous_7)
FN:49,(anonymous_8)
FN:52,(anonymous_9)
FN:55,(anonymous_10)
FN:58,(anonymous_11)
FNF:12
FNH:12
FNDA:36,(anonymous_0)
FNDA:43,(anonymous_1)
FNDA:6,(anonymous_2)
FNDA:37,(anonymous_3)
FNDA:2,(anonymous_4)
FNDA:60,(anonymous_5)
FNDA:2,(anonymous_6)
FNDA:60,(anonymous_7)
FNDA:1,(anonymous_8)
FNDA:74,(anonymous_9)
FNDA:1,(anonymous_10)
FNDA:1,(anonymous_11)
DA:2,6
DA:3,6
DA:4,6
DA:7,36
DA:8,36
DA:9,36
DA:10,36
DA:11,36
DA:12,36
DA:13,36
DA:17,43
DA:18,43
DA:19,6
DA:21,37
DA:22,37
DA:23,37
DA:26,0
DA:31,6
DA:34,37
DA:38,2
DA:41,60
DA:44,2
DA:47,60
DA:50,1
DA:53,74
DA:56,1
DA:59,1
DA:62,6
LF:28
LH:27
BRDA:18,0,0,6
BRDA:18,0,1,37
BRDA:21,1,0,37
BRDA:21,1,1,0
BRF:4
BRH:3
end_of_record
TN:
SF:src\classes\Department\Department.js
FN:7,(anonymous_0)
FN:17,(anonymous_1)
FN:35,(anonymous_2)
FN:38,(anonymous_3)
FN:41,(anonymous_4)
FN:45,(anonymous_5)
FN:48,(anonymous_6)
FN:51,(anonymous_7)
FN:54,(anonymous_8)
FN:57,(anonymous_9)
FN:60,(anonymous_10)
FN:63,(anonymous_11)
FNF:12
FNH:12
FNDA:30,(anonymous_0)
FNDA:44,(anonymous_1)
FNDA:7,(anonymous_2)
FNDA:36,(anonymous_3)
FNDA:1,(anonymous_4)
FNDA:2,(anonymous_5)
FNDA:50,(anonymous_6)
FNDA:2,(anonymous_7)
FNDA:50,(anonymous_8)
FNDA:1,(anonymous_9)
FNDA:71,(anonymous_10)
FNDA:2,(anonymous_11)
DA:2,6
DA:3,6
DA:4,6
DA:5,6
DA:8,30
DA:9,30
DA:10,30
DA:11,30
DA:12,30
DA:13,30
DA:14,30
DA:18,44
DA:19,44
DA:20,44
DA:21,1
DA:23,43
DA:24,7
DA:26,36
DA:27,36
DA:28,36
DA:31,0
DA:36,7
DA:39,36
DA:42,1
DA:46,2
DA:49,50
DA:52,2
DA:55,50
DA:58,1
DA:61,71
DA:64,2
DA:67,6
LF:32
LH:31
BRDA:20,0,0,1
BRDA:20,0,1,43
BRDA:23,1,0,7
BRDA:23,1,1,36
BRDA:26,2,0,36
BRDA:26,2,1,0
BRF:6
BRH:5
end_of_record
TN:
SF:src\classes\Manager\Manager.js
FN:8,(anonymous_0)
FN:16,(anonymous_1)
FN:35,(anonymous_2)
FN:46,(anonymous_3)
FN:56,(anonymous_4)
FN:59,(anonymous_5)
FN:63,(anonymous_6)
FN:67,(anonymous_7)
FN:70,(anonymous_8)
FN:73,(anonymous_9)
FN:76,(anonymous_10)
FN:79,(anonymous_11)
FN:82,(anonymous_12)
FN:85,(anonymous_13)
FNF:14
FNH:14
FNDA:32,(anonymous_0)
FNDA:45,(anonymous_1)
FNDA:278,(anonymous_2)
FNDA:229,(anonymous_3)
FNDA:14,(anonymous_4)
FNDA:30,(anonymous_5)
FNDA:1,(anonymous_6)
FNDA:11,(anonymous_7)
FNDA:50,(anonymous_8)
FNDA:50,(anonymous_9)
FNDA:11,(anonymous_10)
FNDA:79,(anonymous_11)
FNDA:4,(anonymous_12)
FNDA:2,(anonymous_13)
DA:2,6
DA:3,6
DA:4,6
DA:5,6
DA:6,6
DA:9,32
DA:10,32
DA:11,32
DA:12,32
DA:13,32
DA:17,45
DA:18,45
DA:19,1
DA:21,44
DA:22,14
DA:24,30
DA:25,30
DA:28,0
DA:37,278
DA:38,61
DA:43,217
DA:44,217
DA:45,217
DA:46,217
DA:47,229
DA:48,229
DA:49,229
DA:51,217
DA:52,217
DA:53,217
DA:57,14
DA:60,30
DA:61,30
DA:64,1
DA:68,11
DA:71,50
DA:74,50
DA:77,11
DA:80,79
DA:83,4
DA:86,2
DA:89,6
LF:42
LH:41
BRDA:18,0,0,1
BRDA:18,0,1,44
BRDA:21,1,0,14
BRDA:21,1,1,30
BRDA:24,2,0,30
BRDA:24,2,1,0
BRDA:37,3,0,61
BRDA:37,3,1,217
BRF:8
BRH:7
end_of_record
TN:
SF:src\classes\Output\Output.js
FN:10,(anonymous_0)
FN:11,(anonymous_1)
FN:22,(anonymous_2)
FN:26,(anonymous_3)
FN:55,(anonymous_4)
FN:56,(anonymous_5)
FN:57,(anonymous_6)
FN:58,(anonymous_7)
FN:79,(anonymous_8)
FN:94,(anonymous_9)
FN:100,(anonymous_10)
FN:119,(anonymous_11)
FN:133,(anonymous_12)
FN:139,(anonymous_13)
FN:143,(anonymous_14)
FN:146,(anonymous_15)
FNF:16
FNH:9
FNDA:6,(anonymous_0)
FNDA:0,(anonymous_1)
FNDA:1,(anonymous_2)
FNDA:1,(anonymous_3)
FNDA:2,(anonymous_4)
FNDA:2,(anonymous_5)
FNDA:2,(anonymous_6)
FNDA:2,(anonymous_7)
FNDA:2,(anonymous_8)
FNDA:0,(anonymous_9)
FNDA:0,(anonymous_10)
FNDA:0,(anonymous_11)
FNDA:0,(anonymous_12)
FNDA:1,(anonymous_13)
FNDA:0,(anonymous_14)
FNDA:0,(anonymous_15)
DA:2,1
DA:3,1
DA:4,1
DA:5,1
DA:6,1
DA:7,1
DA:8,1
DA:11,6
DA:12,0
DA:13,0
DA:14,0
DA:15,0
DA:17,6
DA:18,6
DA:19,6
DA:23,1
DA:24,1
DA:27,1
DA:52,1
DA:53,1
DA:56,2
DA:57,2
DA:58,2
DA:59,2
DA:60,2
DA:61,1
DA:62,1
DA:64,1
DA:65,1
DA:67,1
DA:68,1
DA:71,0
DA:72,0
DA:76,2
DA:80,2
DA:81,2
DA:83,1
DA:85,1
DA:90,0
DA:92,1
DA:95,0
DA:96,0
DA:97,0
DA:101,0
DA:102,0
DA:103,0
DA:106,0
DA:107,0
DA:108,0
DA:110,0
DA:111,0
DA:113,0
DA:114,0
DA:117,0
DA:121,0
DA:122,0
DA:123,0
DA:124,0
DA:128,0
DA:129,0
DA:130,0
DA:132,0
DA:133,0
DA:134,0
DA:137,0
DA:140,1
DA:144,0
DA:147,0
DA:150,1
LF:69
LH:35
BRDA:59,0,0,0
BRDA:59,0,1,2
BRDA:60,1,0,1
BRDA:60,1,1,1
BRDA:61,2,0,1
BRDA:61,2,1,0
BRDA:67,3,0,1
BRDA:67,3,1,0
BRDA:81,4,0,1
BRDA:81,4,1,1
BRDA:81,5,0,2
BRDA:81,5,1,1
BRDA:81,5,2,0
BRDA:85,6,0,0
BRDA:85,6,1,1
BRDA:87,7,0,1
BRDA:87,7,1,1
BRDA:87,7,2,1
BRDA:102,8,0,0
BRDA:102,8,1,0
BRDA:107,9,0,0
BRDA:107,9,1,0
BRDA:110,10,0,0
BRDA:110,10,1,0
BRDA:113,11,0,0
BRDA:113,11,1,0
BRDA:121,12,0,0
BRDA:121,12,1,0
BRDA:129,13,0,0
BRDA:129,13,1,0
BRF:30
BRH:13
end_of_record
TN:
SF:src\classes\SubCategory\SubCategory.js
FN:6,(anonymous_0)
FN:17,(anonymous_1)
FN:31,(anonymous_2)
FN:34,(anonymous_3)
FN:38,(anonymous_4)
FN:41,(anonymous_5)
FN:44,(anonymous_6)
FN:47,(anonymous_7)
FN:50,(anonymous_8)
FN:53,(anonymous_9)
FN:57,(anonymous_10)
FN:61,(anonymous_11)
FN:63,(anonymous_12)
FN:66,(anonymous_13)
FN:69,(anonymous_14)
FNF:15
FNH:13
FNDA:37,(anonymous_0)
FNDA:43,(anonymous_1)
FNDA:5,(anonymous_2)
FNDA:38,(anonymous_3)
FNDA:2,(anonymous_4)
FNDA:61,(anonymous_5)
FNDA:2,(anonymous_6)
FNDA:61,(anonymous_7)
FNDA:1,(anonymous_8)
FNDA:69,(anonymous_9)
FNDA:1,(anonymous_10)
FNDA:0,(anonymous_11)
FNDA:0,(anonymous_12)
FNDA:1,(anonymous_13)
FNDA:1,(anonymous_14)
DA:2,6
DA:3,6
DA:4,6
DA:7,37
DA:8,37
DA:9,37
DA:10,37
DA:11,37
DA:12,37
DA:13,37
DA:14,37
DA:18,43
DA:19,43
DA:20,5
DA:22,38
DA:23,38
DA:24,38
DA:27,0
DA:32,5
DA:35,38
DA:39,2
DA:42,61
DA:45,2
DA:48,61
DA:51,1
DA:54,69
DA:58,1
DA:62,0
DA:63,0
DA:64,0
DA:67,1
DA:70,1
DA:73,6
LF:33
LH:29
BRDA:19,0,0,5
BRDA:19,0,1,38
BRDA:22,1,0,38
BRDA:22,1,1,0
BRF:4
BRH:3
end_of_record
TN:
SF:src\classes\Type\Type.js
FN:6,(anonymous_0)
FN:17,(anonymous_1)
FN:26,(anonymous_2)
FN:29,(anonymous_3)
FN:33,(anonymous_4)
FN:36,(anonymous_5)
FN:39,(anonymous_6)
FN:42,(anonymous_7)
FN:45,(anonymous_8)
FNF:9
FNH:9
FNDA:38,(anonymous_0)
FNDA:43,(anonymous_1)
FNDA:62,(anonymous_2)
FNDA:62,(anonymous_3)
FNDA:2,(anonymous_4)
FNDA:1,(anonymous_5)
FNDA:1,(anonymous_6)
FNDA:1,(anonymous_7)
FNDA:1,(anonymous_8)
DA:2,6
DA:3,6
DA:4,6
DA:7,38
DA:8,38
DA:9,38
DA:10,38
DA:11,38
DA:12,38
DA:13,38
DA:14,38
DA:18,43
DA:19,43
DA:20,43
DA:21,43
DA:22,43
DA:27,62
DA:30,62
DA:34,2
DA:37,1
DA:40,1
DA:43,1
DA:46,1
DA:49,6
LF:24
LH:24
BRF:0
BRH:0
end_of_record
TN:
SF:src\constants\constants.js
FN:7,(anonymous_0)
FN:16,(anonymous_1)
FN:20,(anonymous_2)
FN:25,(anonymous_3)
FN:30,(anonymous_4)
FN:35,(anonymous_5)
FN:42,(anonymous_6)
FN:49,(anonymous_7)
FN:55,(anonymous_8)
FN:63,(anonymous_9)
FN:85,(anonymous_10)
FN:112,(anonymous_11)
FNF:12
FNH:12
FNDA:6,(anonymous_0)
FNDA:6,(anonymous_1)
FNDA:6,(anonymous_2)
FNDA:6,(anonymous_3)
FNDA:6,(anonymous_4)
FNDA:6,(anonymous_5)
FNDA:6,(anonymous_6)
FNDA:6,(anonymous_7)
FNDA:43,(anonymous_8)
FNDA:43,(anonymous_9)
FNDA:44,(anonymous_10)
FNDA:1,(anonymous_11)
DA:2,6
DA:3,6
DA:4,6
DA:7,6
DA:8,6
DA:9,6
DA:10,6
DA:11,6
DA:12,6
DA:16,6
DA:17,6
DA:20,6
DA:21,6
DA:22,6
DA:25,6
DA:26,6
DA:27,6
DA:30,6
DA:31,6
DA:32,6
DA:35,6
DA:36,6
DA:37,6
DA:38,6
DA:42,6
DA:43,6
DA:44,6
DA:45,6
DA:49,6
DA:50,6
DA:51,6
DA:52,6
DA:55,6
DA:56,43
DA:57,43
DA:58,43
DA:60,0
DA:62,6
DA:63,6
DA:64,43
DA:65,4
DA:67,39
DA:68,3
DA:70,36
DA:71,36
DA:73,0
DA:74,0
DA:76,0
DA:77,0
DA:80,0
DA:83,6
DA:85,6
DA:86,44
DA:88,0
DA:90,44
DA:92,0
DA:94,44
DA:96,1
DA:98,43
DA:100,0
DA:102,43
DA:104,0
DA:106,43
DA:108,6
DA:112,6
DA:113,1
DA:114,1
DA:115,5
DA:117,1
DA:118,1
DA:120,6
LF:71
LH:61
BRDA:13,0,0,6
BRDA:13,0,1,6
BRDA:18,1,0,6
BRDA:18,1,1,6
BRDA:23,2,0,6
BRDA:23,2,1,6
BRDA:28,3,0,6
BRDA:28,3,1,6
BRDA:33,4,0,6
BRDA:33,4,1,6
BRDA:39,5,0,6
BRDA:39,5,1,6
BRDA:46,6,0,6
BRDA:46,6,1,6
BRDA:53,7,0,6
BRDA:53,7,1,6
BRDA:57,8,0,43
BRDA:57,8,1,0
BRDA:64,9,0,4
BRDA:64,9,1,39
BRDA:67,10,0,3
BRDA:67,10,1,36
BRDA:70,11,0,36
BRDA:70,11,1,0
BRDA:73,12,0,0
BRDA:73,12,1,0
BRDA:76,13,0,0
BRDA:76,13,1,0
BRDA:86,14,0,0
BRDA:86,14,1,44
BRDA:86,15,0,44
BRDA:86,15,1,4
BRDA:90,16,0,0
BRDA:90,16,1,44
BRDA:90,17,0,44
BRDA:90,17,1,3
BRDA:94,18,0,1
BRDA:94,18,1,43
BRDA:94,19,0,44
BRDA:94,19,1,37
BRDA:98,20,0,0
BRDA:98,20,1,43
BRDA:98,21,0,43
BRDA:98,21,1,0
BRDA:102,22,0,0
BRDA:102,22,1,43
BRDA:102,23,0,43
BRDA:102,23,1,0
BRF:48
BRH:36
end_of_record
